Copyright 1986-2014 Xilinx, Inc. All Rights Reserved.
-----------------------------------------------------------------------------------------
| Tool Version      : Vivado v.2014.4 (lin64) Build 1071353 Tue Nov 18 16:47:07 MST 2014
| Date              : Sat Apr 29 14:48:32 2017
| Host              : shirasu running 64-bit Debian GNU/Linux 8.7 (jessie)
| Command           : report_timing_summary -file work/Ctrl_timing_summary_synth.rpt
| Design            : ctrl
| Device            : 7v2000t-flg1925
| Speed File        : -1  PRODUCTION 1.10 2014-09-11
| Temperature Grade : C
-----------------------------------------------------------------------------------------

Timing Summary Report

------------------------------------------------------------------------------------------------
| Timer Settings
| --------------
------------------------------------------------------------------------------------------------

  Enable Multi Corner Analysis               :  Yes
  Enable Pessimism Removal                   :  Yes
  Pessimism Removal Resolution               :  Nearest Common Node
  Enable Input Delay Default Clock           :  No
  Enable Preset / Clear Arcs                 :  No
  Disable Flight Delays                      :  No

  Corner  Analyze    Analyze    
  Name    Max Paths  Min Paths  
  ------  ---------  ---------  
  Slow    Yes        Yes        
  Fast    Yes        Yes        



check_timing report

Table of Contents
-----------------
1. checking no_clock
2. checking constant_clock
3. checking pulse_width_clock
4. checking unconstrained_internal_endpoints
5. checking no_input_delay
6. checking no_output_delay
7. checking multiple_clock
8. checking generated_clocks
9. checking loops
10. checking partial_input_delay
11. checking partial_output_delay
12. checking unexpandable_clocks
13. checking latch_loops

1. checking no_clock
--------------------
 There are 0 register/latch pins with no clock.


2. checking constant_clock
--------------------------
 There are 0 register/latch pins with constant_clock.


3. checking pulse_width_clock
-----------------------------
 There are 0 register/latch pins which need pulse_width check


4. checking unconstrained_internal_endpoints
--------------------------------------------
 There are 0 pins that are not constrained for maximum delay.

 There are 0 pins that are not constrained for maximum delay due to constant clock.


5. checking no_input_delay
--------------------------
 There are 18 input ports with no input delay specified. (HIGH)

 There are 0 input ports with no input delay but user has a false path constraint.


6. checking no_output_delay
---------------------------
 There are 108 ports with no output delay specified. (HIGH)

 There are 0 ports with no output delay but user has a false path constraint

 There are 0 ports with no output delay but with a timing clock defined on it or propagating through it


7. checking multiple_clock
--------------------------
 There are 0 register/latch pins with multiple clocks.


8. checking generated_clocks
----------------------------
 There are 0 generated clocks that are not connected to a clock source.


9. checking loops
-----------------
 There are 0 combinational loops in the design.


10. checking partial_input_delay
--------------------------------
 There are 0 input ports with partial input delay specified.


11. checking partial_output_delay
---------------------------------
 There are 0 ports with partial output delay specified.


12. checking unexpandable_clocks
--------------------------------
 There are 0 unexpandable clock pairs.


13. checking latch_loops
------------------------
 There are 0 combinational latch loops in the design through latch input



------------------------------------------------------------------------------------------------
| Design Timing Summary
| ---------------------
------------------------------------------------------------------------------------------------

    WNS(ns)      TNS(ns)  TNS Failing Endpoints  TNS Total Endpoints      WHS(ns)      THS(ns)  THS Failing Endpoints  THS Total Endpoints     WPWS(ns)     TPWS(ns)  TPWS Failing Endpoints  TPWS Total Endpoints  
    -------      -------  ---------------------  -------------------      -------      -------  ---------------------  -------------------     --------     --------  ----------------------  --------------------  
      3.628        0.000                      0                  383        0.192        0.000                      0                  383        4.650        0.000                       0                   212  


All user specified timing constraints are met.


------------------------------------------------------------------------------------------------
| Clock Summary
| -------------
------------------------------------------------------------------------------------------------

Clock  Waveform(ns)       Period(ns)      Frequency(MHz)
-----  ------------       ----------      --------------
clk    {0.000 5.000}      10.000          100.000         


------------------------------------------------------------------------------------------------
| Intra Clock Table
| -----------------
------------------------------------------------------------------------------------------------

Clock             WNS(ns)      TNS(ns)  TNS Failing Endpoints  TNS Total Endpoints      WHS(ns)      THS(ns)  THS Failing Endpoints  THS Total Endpoints     WPWS(ns)     TPWS(ns)  TPWS Failing Endpoints  TPWS Total Endpoints  
-----             -------      -------  ---------------------  -------------------      -------      -------  ---------------------  -------------------     --------     --------  ----------------------  --------------------  
clk                 3.628        0.000                      0                  383        0.192        0.000                      0                  383        4.650        0.000                       0                   212  


------------------------------------------------------------------------------------------------
| Inter Clock Table
| -----------------
------------------------------------------------------------------------------------------------

From Clock    To Clock          WNS(ns)      TNS(ns)  TNS Failing Endpoints  TNS Total Endpoints      WHS(ns)      THS(ns)  THS Failing Endpoints  THS Total Endpoints  
----------    --------          -------      -------  ---------------------  -------------------      -------      -------  ---------------------  -------------------  


------------------------------------------------------------------------------------------------
| Other Path Groups Table
| -----------------------
------------------------------------------------------------------------------------------------

Path Group    From Clock    To Clock          WNS(ns)      TNS(ns)  TNS Failing Endpoints  TNS Total Endpoints      WHS(ns)      THS(ns)  THS Failing Endpoints  THS Total Endpoints  
----------    ----------    --------          -------      -------  ---------------------  -------------------      -------      -------  ---------------------  -------------------  


------------------------------------------------------------------------------------------------
| Timing Details
| --------------
------------------------------------------------------------------------------------------------


---------------------------------------------------------------------------------------------------
From Clock:  clk
  To Clock:  clk

Setup :            0  Failing Endpoints,  Worst Slack        3.628ns,  Total Violation        0.000ns
Hold  :            0  Failing Endpoints,  Worst Slack        0.192ns,  Total Violation        0.000ns
PW    :            0  Failing Endpoints,  Worst Slack        4.650ns,  Total Violation        0.000ns
---------------------------------------------------------------------------------------------------


Max Delay Paths
--------------------------------------------------------------------------------------
Slack (MET) :             3.628ns  (required time - arrival time)
  Source:                 srambeta/mem_reg/CLKBWRCLK
                            (rising edge-triggered cell RAMB18E1 clocked by clk  {rise@0.000ns fall@5.000ns period=10.000ns})
  Destination:            row/r_min_reg[0]/CE
                            (rising edge-triggered cell FDSE clocked by clk  {rise@0.000ns fall@5.000ns period=10.000ns})
  Path Group:             clk
  Path Type:              Setup (Max at Slow Process Corner)
  Requirement:            10.000ns  (clk rise@10.000ns - clk rise@0.000ns)
  Data Path Delay:        6.088ns  (logic 3.385ns (55.605%)  route 2.703ns (44.395%))
  Logic Levels:           8  (CARRY4=4 LUT1=1 LUT3=1 LUT5=1 LUT6=1)
  Clock Path Skew:        -0.029ns (DCD - SCD + CPR)
    Destination Clock Delay (DCD):    1.795ns = ( 11.795 - 10.000 ) 
    Source Clock Delay      (SCD):    1.985ns
    Clock Pessimism Removal (CPR):    0.161ns
  Clock Uncertainty:      0.035ns  ((TSJ^2 + TIJ^2)^1/2 + DJ) / 2 + PE
    Total System Jitter     (TSJ):    0.071ns
    Total Input Jitter      (TIJ):    0.000ns
    Discrete Jitter          (DJ):    0.000ns
    Phase Error              (PE):    0.000ns

    Location             Delay type                Incr(ns)  Path(ns)    Netlist Resource(s)
  -------------------------------------------------------------------    -------------------
                         (clock clk rise edge)        0.000     0.000 r  
                                                      0.000     0.000 r  clk
                         net (fo=0)                   0.000     0.000    clk
                         IBUF (Prop_ibuf_I_O)         0.698     0.698 r  clk_IBUF_inst/O
                         net (fo=1, unplaced)         0.584     1.281    clk_IBUF
                         BUFG (Prop_bufg_I_O)         0.120     1.401 r  clk_IBUF_BUFG_inst/O
                         net (fo=211, unplaced)       0.584     1.985    srambeta/clk_IBUF_BUFG
                                                                      r  srambeta/mem_reg/CLKBWRCLK
  -------------------------------------------------------------------    -------------------
                         RAMB18E1 (Prop_ramb18e1_CLKBWRCLK_DOBDO[1])
                                                      2.080     4.065 f  srambeta/mem_reg/DOBDO[1]
                         net (fo=4, unplaced)         0.584     4.649    srambeta/DOBDO[1]
                         LUT1 (Prop_lut1_I0_O)        0.062     4.711 r  srambeta/r_min[3]_i_3/O
                         net (fo=1, unplaced)         0.000     4.711    row/p_0_in[0]
                         CARRY4 (Prop_carry4_DI[1]_CO[3])
                                                      0.319     5.030 r  row/r_min_reg[3]_i_2/CO[3]
                         net (fo=1, unplaced)         0.000     5.030    row/n_0_r_min_reg[3]_i_2
                         CARRY4 (Prop_carry4_CI_CO[3])
                                                      0.058     5.088 r  row/r_min_reg[7]_i_2/CO[3]
                         net (fo=1, unplaced)         0.000     5.088    row/n_0_r_min_reg[7]_i_2
                         CARRY4 (Prop_carry4_CI_O[3])
                                                      0.187     5.275 f  row/r_min_reg[11]_i_2/O[3]
                         net (fo=2, unplaced)         0.586     5.861    srambeta/funcabs_return0[11]
                         LUT3 (Prop_lut3_I0_O)        0.156     6.017 f  srambeta/r_min[11]_i_1/O
                         net (fo=2, unplaced)         0.253     6.270    row/I25[11]
                         LUT6 (Prop_lut6_I1_O)        0.168     6.438 r  row/r_min[15]_i_8/O
                         net (fo=1, unplaced)         0.363     6.801    row/n_0_r_min[15]_i_8
                         CARRY4 (Prop_carry4_DI[1]_CO[3])
                                                      0.302     7.103 r  row/r_min_reg[15]_i_3/CO[3]
                         net (fo=1, unplaced)         0.518     7.621    row/n_0_r_min_reg[15]_i_3
                         LUT5 (Prop_lut5_I4_O)        0.053     7.674 r  row/r_min[15]_i_1/O
                         net (fo=16, unplaced)        0.399     8.073    row/n_0_r_min[15]_i_1
                         FDSE                                         r  row/r_min_reg[0]/CE
  -------------------------------------------------------------------    -------------------

                         (clock clk rise edge)       10.000    10.000 r  
                                                      0.000    10.000 r  clk
                         net (fo=0)                   0.000    10.000    clk
                         IBUF (Prop_ibuf_I_O)         0.573    10.573 r  clk_IBUF_inst/O
                         net (fo=1, unplaced)         0.554    11.127    clk_IBUF
                         BUFG (Prop_bufg_I_O)         0.113    11.240 r  clk_IBUF_BUFG_inst/O
                         net (fo=211, unplaced)       0.554    11.795    row/clk_IBUF_BUFG
                                                                      r  row/r_min_reg[0]/C
                         clock pessimism              0.161    11.956    
                         clock uncertainty           -0.035    11.920    
                         FDSE (Setup_fdse_C_CE)      -0.220    11.700    row/r_min_reg[0]
  -------------------------------------------------------------------
                         required time                         11.700    
                         arrival time                          -8.073    
  -------------------------------------------------------------------
                         slack                                  3.628    





Min Delay Paths
--------------------------------------------------------------------------------------
Slack (MET) :             0.192ns  (arrival time - required time)
  Source:                 estimate_reg[27]/C
                            (rising edge-triggered cell FDCE clocked by clk  {rise@0.000ns fall@5.000ns period=10.000ns})
  Destination:            estimate_reg[27]/D
                            (rising edge-triggered cell FDCE clocked by clk  {rise@0.000ns fall@5.000ns period=10.000ns})
  Path Group:             clk
  Path Type:              Hold (Min at Fast Process Corner)
  Requirement:            0.000ns  (clk rise@0.000ns - clk rise@0.000ns)
  Data Path Delay:        0.288ns  (logic 0.178ns (61.893%)  route 0.110ns (38.107%))
  Logic Levels:           1  (LUT6=1)
  Clock Path Skew:        0.013ns (DCD - SCD - CPR)
    Destination Clock Delay (DCD):    0.813ns
    Source Clock Delay      (SCD):    0.617ns
    Clock Pessimism Removal (CPR):    0.183ns

    Location             Delay type                Incr(ns)  Path(ns)    Netlist Resource(s)
  -------------------------------------------------------------------    -------------------
                         (clock clk rise edge)        0.000     0.000 r  
                                                      0.000     0.000 r  clk
                         net (fo=0)                   0.000     0.000    clk
                         IBUF (Prop_ibuf_I_O)         0.099     0.099 r  clk_IBUF_inst/O
                         net (fo=1, unplaced)         0.246     0.345    clk_IBUF
                         BUFG (Prop_bufg_I_O)         0.026     0.371 r  clk_IBUF_BUFG_inst/O
                         net (fo=211, unplaced)       0.246     0.617    clk_IBUF_BUFG
                                                                      r  estimate_reg[27]/C
  -------------------------------------------------------------------    -------------------
                         FDCE (Prop_fdce_C_Q)         0.114     0.731 r  estimate_reg[27]/Q
                         net (fo=3, unplaced)         0.110     0.840    add/estimate_OBUF[26]
                         LUT6 (Prop_lut6_I5_O)        0.064     0.904 r  add/estimate[27]_i_1/O
                         net (fo=1, unplaced)         0.000     0.904    n_985_add
                         FDCE                                         r  estimate_reg[27]/D
  -------------------------------------------------------------------    -------------------

                         (clock clk rise edge)        0.000     0.000 r  
                                                      0.000     0.000 r  clk
                         net (fo=0)                   0.000     0.000    clk
                         IBUF (Prop_ibuf_I_O)         0.265     0.265 r  clk_IBUF_inst/O
                         net (fo=1, unplaced)         0.259     0.524    clk_IBUF
                         BUFG (Prop_bufg_I_O)         0.030     0.554 r  clk_IBUF_BUFG_inst/O
                         net (fo=211, unplaced)       0.259     0.813    clk_IBUF_BUFG
                                                                      r  estimate_reg[27]/C
                         clock pessimism             -0.183     0.630    
                         FDCE (Hold_fdce_C_D)         0.083     0.713    estimate_reg[27]
  -------------------------------------------------------------------
                         required time                         -0.713    
                         arrival time                           0.904    
  -------------------------------------------------------------------
                         slack                                  0.192    





Pulse Width Checks
--------------------------------------------------------------------------------------
Clock Name:         clk
Waveform:           { 0 5 }
Period:             10.000
Sources:            { clk }

Check Type        Corner  Lib Pin             Reference Pin  Required  Actual  Slack  Location  Pin                          
Min Period        n/a     RAMB18E1/CLKARDCLK  n/a            2.495     10.000  7.505            sramalpha/mem_reg/CLKARDCLK  
Low Pulse Width   Fast    FDRE/C              n/a            0.350     5.000   4.650            add/o_data_reg[0]/C          
High Pulse Width  Slow    FDRE/C              n/a            0.350     5.000   4.650            add/o_data_reg[0]/C          



