Copyright 1986-2014 Xilinx, Inc. All Rights Reserved.
------------------------------------------------------------------------------------
| Tool Version : Vivado v.2014.4 (lin64) Build 1071353 Tue Nov 18 16:47:07 MST 2014
| Date         : Sat Apr 29 14:48:11 2017
| Host         : shirasu running 64-bit Debian GNU/Linux 8.7 (jessie)
| Command      : report_utilization -file work/Ctrl_utilization_synth.rpt
| Design       : ctrl
| Device       : xc7v2000t
| Design State : Synthesized
------------------------------------------------------------------------------------

Utilization Design Information

Table of Contents
-----------------
1. Slice Logic
1.1 Summary of Registers by Type
2. Memory
3. DSP
4. IO and GT Specific
5. Clocking
6. Specific Feature
7. Primitives
8. Black Boxes
9. Instantiated Netlists

1. Slice Logic
--------------

+-------------------------+------+-------+-----------+-------+
|        Site Type        | Used | Fixed | Available | Util% |
+-------------------------+------+-------+-----------+-------+
| Slice LUTs*             | 6592 |     0 |   1221600 |  0.53 |
|   LUT as Logic          | 6592 |     0 |   1221600 |  0.53 |
|   LUT as Memory         |    0 |     0 |    344800 |  0.00 |
| Slice Registers         |  205 |     0 |   2443200 | <0.01 |
|   Register as Flip Flop |  205 |     0 |   2443200 | <0.01 |
|   Register as Latch     |    0 |     0 |   2443200 |  0.00 |
| F7 Muxes                |    2 |     0 |    610800 | <0.01 |
| F8 Muxes                |    0 |     0 |    305400 |  0.00 |
+-------------------------+------+-------+-----------+-------+
* Warning! The Final LUT count, after physical optimizations and full implementation, is typically lower. Run opt_design after synthesis, if not already completed, for a more realistic count.


1.1 Summary of Registers by Type
--------------------------------

+-------+--------------+-------------+--------------+
| Total | Clock Enable | Synchronous | Asynchronous |
+-------+--------------+-------------+--------------+
| 0     |            _ |           - |            - |
| 0     |            _ |           - |          Set |
| 0     |            _ |           - |        Reset |
| 0     |            _ |         Set |            - |
| 0     |            _ |       Reset |            - |
| 0     |          Yes |           - |            - |
| 0     |          Yes |           - |          Set |
| 172   |          Yes |           - |        Reset |
| 16    |          Yes |         Set |            - |
| 17    |          Yes |       Reset |            - |
+-------+--------------+-------------+--------------+


2. Memory
---------

+-------------------+------+-------+-----------+-------+
|     Site Type     | Used | Fixed | Available | Util% |
+-------------------+------+-------+-----------+-------+
| Block RAM Tile    |  1.5 |     0 |      1292 |  0.11 |
|   RAMB36/FIFO*    |    0 |     0 |      1292 |  0.00 |
|   RAMB18          |    3 |     0 |      2584 |  0.11 |
|     RAMB18E1 only |    3 |       |           |       |
+-------------------+------+-------+-----------+-------+
* Note: Each Block RAM Tile only has one FIFO logic available and therefore can accommodate only one FIFO36E1 or one FIFO18E1. However, if a FIFO18E1 occupies a Block RAM Tile, that tile can still accommodate a RAMB18E1


3. DSP
------

+-----------+------+-------+-----------+-------+
| Site Type | Used | Fixed | Available | Util% |
+-----------+------+-------+-----------+-------+
| DSPs      |    0 |     0 |      2160 |  0.00 |
+-----------+------+-------+-----------+-------+


4. IO and GT Specific
---------------------

+-----------------------------+------+-------+-----------+-------+
|          Site Type          | Used | Fixed | Available | Util% |
+-----------------------------+------+-------+-----------+-------+
| Bonded IOB                  |  127 |     0 |      1200 | 10.58 |
| Bonded IPADs                |    0 |     0 |        50 |  0.00 |
| Bonded OPADs                |    0 |     0 |        32 |  0.00 |
| PHY_CONTROL                 |    0 |     0 |        24 |  0.00 |
| PHASER_REF                  |    0 |     0 |        24 |  0.00 |
| OUT_FIFO                    |    0 |     0 |        96 |  0.00 |
| IN_FIFO                     |    0 |     0 |        96 |  0.00 |
| IDELAYCTRL                  |    0 |     0 |        24 |  0.00 |
| IBUFGDS                     |    0 |     0 |      1152 |  0.00 |
| GTXE2_COMMON                |    0 |     0 |         4 |  0.00 |
| GTXE2_CHANNEL               |    0 |     0 |        16 |  0.00 |
| PHASER_OUT/PHASER_OUT_PHY   |    0 |     0 |        96 |  0.00 |
| PHASER_IN/PHASER_IN_PHY     |    0 |     0 |        96 |  0.00 |
| IDELAYE2/IDELAYE2_FINEDELAY |    0 |     0 |      1200 |  0.00 |
| ODELAYE2/ODELAYE2_FINEDELAY |    0 |     0 |      1200 |  0.00 |
| IBUFDS_GTE2                 |    0 |     0 |        24 |  0.00 |
| ILOGIC                      |    0 |     0 |      1200 |  0.00 |
| OLOGIC                      |    0 |     0 |      1200 |  0.00 |
+-----------------------------+------+-------+-----------+-------+


5. Clocking
-----------

+------------+------+-------+-----------+-------+
|  Site Type | Used | Fixed | Available | Util% |
+------------+------+-------+-----------+-------+
| BUFGCTRL   |    1 |     0 |       128 |  0.78 |
| BUFIO      |    0 |     0 |        96 |  0.00 |
| MMCME2_ADV |    0 |     0 |        24 |  0.00 |
| PLLE2_ADV  |    0 |     0 |        24 |  0.00 |
| BUFMRCE    |    0 |     0 |        48 |  0.00 |
| BUFHCE     |    0 |     0 |       288 |  0.00 |
| BUFR       |    0 |     0 |        96 |  0.00 |
+------------+------+-------+-----------+-------+


6. Specific Feature
-------------------

+-------------+------+-------+-----------+-------+
|  Site Type  | Used | Fixed | Available | Util% |
+-------------+------+-------+-----------+-------+
| BSCANE2     |    0 |     0 |        16 |  0.00 |
| CAPTUREE2   |    0 |     0 |         4 |  0.00 |
| DNA_PORT    |    0 |     0 |         1 |  0.00 |
| EFUSE_USR   |    0 |     0 |         1 |  0.00 |
| FRAME_ECCE2 |    0 |     0 |         4 |  0.00 |
| ICAPE2      |    0 |     0 |         8 |  0.00 |
| PCIE_2_1    |    0 |     0 |         4 |  0.00 |
| STARTUPE2   |    0 |     0 |         4 |  0.00 |
| XADC        |    0 |     0 |         1 |  0.00 |
+-------------+------+-------+-----------+-------+


7. Primitives
-------------

+----------+------+---------------------+
| Ref Name | Used | Functional Category |
+----------+------+---------------------+
| LUT6     | 4569 |                 LUT |
| LUT5     | 1055 |                 LUT |
| LUT4     |  888 |                 LUT |
| LUT3     |  245 |                 LUT |
| FDCE     |  172 |        Flop & Latch |
| LUT2     |  137 |                 LUT |
| OBUF     |  108 |                  IO |
| LUT1     |   37 |                 LUT |
| IBUF     |   19 |                  IO |
| FDRE     |   17 |        Flop & Latch |
| FDSE     |   16 |        Flop & Latch |
| CARRY4   |   16 |          CarryLogic |
| RAMB18E1 |    3 |        Block Memory |
| MUXF7    |    2 |               MuxFx |
| BUFG     |    1 |               Clock |
+----------+------+---------------------+


8. Black Boxes
--------------

+----------+------+
| Ref Name | Used |
+----------+------+


9. Instantiated Netlists
------------------------

+----------+------+
| Ref Name | Used |
+----------+------+


